<?xml version="1.0" encoding="UTF-8"?>
<beans xmlns="http://www.springframework.org/schema/beans"
       xmlns:xsi="http://www.w3.org/2001/XMLSchema-instance"
       xmlns:p="http://www.springframework.org/schema/p"
       xmlns:tx="http://www.springframework.org/schema/tx"
       xmlns:context="http://www.springframework.org/schema/context"
       xmlns:mvc="http://www.springframework.org/schema/mvc"
       xmlns:security="http://www.springframework.org/schema/security"
       xsi:schemaLocation="http://www.springframework.org/schema/beans
    http://www.springframework.org/schema/beans/spring-beans-4.0.xsd
    http://www.springframework.org/schema/tx
    http://www.springframework.org/schema/tx/spring-tx-4.0.xsd
    http://www.springframework.org/schema/context
    http://www.springframework.org/schema/context/spring-context-4.0.xsd
    http://www.springframework.org/schema/mvc
    http://www.springframework.org/schema/mvc/spring-mvc-4.0.xsd
    http://www.springframework.org/schema/security
    http://www.springframework.org/schema/security/spring-security-4.0.xsd">
    <tx:annotation-driven transaction-manager="txManager"/>
    <context:component-scan base-package="com.nixsolutions"/>
    <!--<mvc:annotation-driven/>-->
    <bean id="dataSource" class="org.springframework.jdbc.datasource.DriverManagerDataSource">
        <property name="driverClassName" value="org.h2.Driver"/>
        <property name="url" value="jdbc:h2:tcp://localhost/~/sqllab;INIT=CREATE SCHEMA IF NOT EXISTS sqllab"/>
        <!--<property name="url" value="jdbc:h2:mem:sqllab;DB_CLOSE_DELAY=-1;INIT=CREATE SCHEMA IF NOT EXISTS sqllab"/>-->
        <property name="username" value="root"/>
        <property name="password" value="root"/>
    </bean>
    <bean id="sessionFactory" class="org.springframework.orm.hibernate4.LocalSessionFactoryBean">
        <property name="dataSource" ref="dataSource"/>
        <property name="packagesToScan" value="com.nixsolutions.hibernate.entity"/>
        <property name="hibernateProperties">
            <props>
                <prop key="hibernate.default_schema">SQLLAB</prop>
                <prop key="hibernate.connection.pool_size">20</prop>
                <prop key="hibernate.dialect">org.hibernate.dialect.H2Dialect</prop>
                <prop key="hibernate.cache.provider_class">org.hibernate.cache.internal.NoCacheProvider</prop>
                <prop key="hibernate.show_sql">true</prop>
                <prop key="hibernate.format_sql">true</prop>
                <prop key="hbm2ddl.auto">create-drop</prop>
            </props>
        </property>
    </bean>
    <bean id="txManager" class="org.springframework.orm.hibernate4.HibernateTransactionManager">
        <property name="sessionFactory" ref="sessionFactory"/>
    </bean>
</beans>