<?xml version="1.0" encoding="UTF-8" ?>
<testsuite errors="0" failures="0" hostname="borkivets" name="com.nixsolutions.MyJunitTestsForStringBuilder" skipped="0" tests="10" time="0.075" timestamp="2015-11-05T10:03:25">
  <properties>
    <property name="java.vendor" value="Oracle Corporation" />
    <property name="lib.dir" value="D:\WorkPlace\java_nix\javappp\14_ant\lib" />
    <property name="sun.java.launcher" value="SUN_STANDARD" />
    <property name="sun.management.compiler" value="HotSpot 64-Bit Tiered Compilers" />
    <property name="os.name" value="Windows 7" />
    <property name="sun.boot.class.path" value="C:\Program Files\Java\jdk1.7.0_25\jre\lib\resources.jar;C:\Program Files\Java\jdk1.7.0_25\jre\lib\rt.jar;C:\Program Files\Java\jdk1.7.0_25\jre\lib\sunrsasign.jar;C:\Program Files\Java\jdk1.7.0_25\jre\lib\jsse.jar;C:\Program Files\Java\jdk1.7.0_25\jre\lib\jce.jar;C:\Program Files\Java\jdk1.7.0_25\jre\lib\charsets.jar;C:\Program Files\Java\jdk1.7.0_25\jre\lib\jfr.jar;C:\Program Files\Java\jdk1.7.0_25\jre\classes" />
    <property name="TODAY" value="November 5 2015" />
    <property name="build.number" value="25" />
    <property name="sun.desktop" value="windows" />
    <property name="java.vm.specification.vendor" value="Oracle Corporation" />
    <property name="ant.home" value="D:\Install\apache-ant\bin\.." />
    <property name="java.runtime.version" value="1.7.0_25-b17" />
    <property name="user.name" value="maxb" />
    <property name="build.dir" value="D:\WorkPlace\java_nix\javappp\14_ant\bin" />
    <property name="user.language" value="en" />
    <property name="test.report.dir" value="D:\WorkPlace\java_nix\javappp\14_ant\testreport" />
    <property name="sun.boot.library.path" value="C:\Program Files\Java\jdk1.7.0_25\jre\bin" />
    <property name="ant.project.default-target" value="all" />
    <property name="ant.project.name" value="AntTestProject" />
    <property name="DSTAMP" value="20151105" />
    <property name="java.version" value="1.7.0_25" />
    <property name="user.timezone" value="" />
    <property name="sun.arch.data.model" value="64" />
    <property name="java.endorsed.dirs" value="C:\Program Files\Java\jdk1.7.0_25\jre\lib\endorsed" />
    <property name="sun.cpu.isalist" value="amd64" />
    <property name="sun.jnu.encoding" value="Cp1251" />
    <property name="file.encoding.pkg" value="sun.io" />
    <property name="file.separator" value="\" />
    <property name="java.specification.name" value="Java Platform API Specification" />
    <property name="java.class.version" value="51.0" />
    <property name="user.country" value="US" />
    <property name="java.home" value="C:\Program Files\Java\jdk1.7.0_25\jre" />
    <property name="java.vm.info" value="mixed mode" />
    <property name="ant.file" value="D:\WorkPlace\java_nix\javappp\14_ant\build.xml" />
    <property name="os.version" value="6.1" />
    <property name="release.version" value="1.2" />
    <property name="time_start" value="11/05/2015 12:03:25 PM" />
    <property name="path.separator" value=";" />
    <property name="java.vm.version" value="23.25-b01" />
    <property name="user.variant" value="" />
    <property name="time_stop" value="11/05/2015 12:03:25 PM" />
    <property name="ant.library.dir" value="D:\Install\apache-ant\lib" />
    <property name="java.awt.printerjob" value="sun.awt.windows.WPrinterJob" />
    <property name="sun.io.unicode.encoding" value="UnicodeLittle" />
    <property name="awt.toolkit" value="sun.awt.windows.WToolkit" />
    <property name="user.script" value="" />
    <property name="user.home" value="C:\Users\maxb" />
    <property name="java.specification.vendor" value="Oracle Corporation" />
    <property name="test.dir" value="D:\WorkPlace\java_nix\javappp\14_ant\test" />
    <property name="java.library.path" value="C:\Program Files\Java\jdk1.7.0_25\jre\bin;C:\Windows\Sun\Java\bin;C:\Windows\system32;C:\Windows;C:\ProgramData\Oracle\Java\javapath;D:\app\maxb\product\11.2.0\client_1;D:\app\maxb\product\11.2.0\client_1\bin;D:\app\maxb\product\11.2.0\client_7;D:\app\maxb\product\11.2.0\client_7\bin;C:\Windows\system32;C:\Windows;C:\Windows\System32\Wbem;C:\Windows\System32\WindowsPowerShell\v1.0\;C:\Program Files\Microsoft\Web Platform Installer\;C:\Program Files (x86)\Microsoft ASP.NET\ASP.NET Web Pages\v1.0\;C:\Program Files (x86)\Windows Kits\8.0\Windows Performance Toolkit\;C:\Program Files\Microsoft SQL Server\110\Tools\Binn\;D:\Install\ikvm\ikvm-7.1.4532.2\bin;C:\Program Files\Java\jdk1.7.0_25\bin;C:\Program Files (x86)\VMware\CobraWinLDTP\;C:\Program Files\TortoiseSVN\bin;C:\Program Files\Microsoft Windows Performance Toolkit\;C:\Program Files (x86)\Microsoft SQL Server\100\Tools\Binn\VSShell\Common7\IDE\;C:\Program Files (x86)\Microsoft SQL Server\100\Tools\Binn\;C:\Program Files\Microsoft SQL Server\100\Tools\Binn\;C:\Program Files (x86)\Microsoft SQL Server\100\DTS\Binn\;C:\Program Files (x86)\Microsoft SQL Server\110\Tools\Binn\ManagementStudio\;C:\Program Files (x86)\Microsoft SQL Server\110\Tools\Binn\;C:\Program Files (x86)\Microsoft SQL Server\110\DTS\Binn\;C:\Program Files (x86)\Skype\Phone\;." />
    <property name="java.vendor.url" value="http://java.oracle.com/" />
    <property name="java.vm.vendor" value="Oracle Corporation" />
    <property name="java.runtime.name" value="Java(TM) SE Runtime Environment" />
    <property name="sun.java.command" value="org.apache.tools.ant.taskdefs.optional.junit.JUnitTestRunner com.nixsolutions.MyJunitTestsForStringBuilder skipNonTests=false filtertrace=true haltOnError=false haltOnFailure=true formatter=org.apache.tools.ant.taskdefs.optional.junit.SummaryJUnitResultFormatter showoutput=true outputtoformatters=true logfailedtests=true threadid=0 logtestlistenerevents=false formatter=org.apache.tools.ant.taskdefs.optional.junit.XMLJUnitResultFormatter,D:\WorkPlace\java_nix\javappp\14_ant\testreport\TEST-com.nixsolutions.MyJunitTestsForStringBuilder.xml formatter=org.apache.tools.ant.taskdefs.optional.junit.PlainJUnitResultFormatter,D:\WorkPlace\java_nix\javappp\14_ant\testreport\TEST-com.nixsolutions.MyJunitTestsForStringBuilder.txt crashfile=D:\WorkPlace\java_nix\javappp\14_ant\junitvmwatcher2090081202857343744.properties propsfile=D:\WorkPlace\java_nix\javappp\14_ant\junit3043207376105421653.properties" />
    <property name="java.class.path" value="D:\WorkPlace\java_nix\javappp\14_ant\lib\ant-junit.jar;D:\WorkPlace\java_nix\javappp\14_ant\lib\ant-junit4.jar;D:\WorkPlace\java_nix\javappp\14_ant\lib\ant-optional-1.5.3-1.jar;D:\WorkPlace\java_nix\javappp\14_ant\lib\hamcrest-core-1.3.jar;D:\WorkPlace\java_nix\javappp\14_ant\lib\junit-4.12.jar;D:\WorkPlace\java_nix\javappp\14_ant\bin\tests\classes;D:\Install\apache-ant\lib\ant-launcher.jar;D:\Install\apache-ant\lib\ant.jar" />
    <property name="ant.version" value="Apache Ant(TM) version 1.9.6 compiled on June 29 2015" />
    <property name="TSTAMP" value="1203" />
    <property name="java.vm.specification.name" value="Java Virtual Machine Specification" />
    <property name="ant.file.type" value="file" />
    <property name="java.vm.specification.version" value="1.7" />
    <property name="sun.cpu.endian" value="little" />
    <property name="sun.os.patch.level" value="Service Pack 1" />
    <property name="java.io.tmpdir" value="C:\Users\maxb\AppData\Local\Temp\" />
    <property name="java.vendor.url.bug" value="http://bugreport.sun.com/bugreport/" />
    <property name="ant.file.AntTestProject" value="D:\WorkPlace\java_nix\javappp\14_ant\build.xml" />
    <property name="os.arch" value="amd64" />
    <property name="java.awt.graphicsenv" value="sun.awt.Win32GraphicsEnvironment" />
    <property name="java.ext.dirs" value="C:\Program Files\Java\jdk1.7.0_25\jre\lib\ext;C:\Windows\Sun\Java\lib\ext" />
    <property name="user.dir" value="D:\Install\apache-ant\bin" />
    <property name="build.test.dir" value="D:\WorkPlace\java_nix\javappp\14_ant\bin\tests" />
    <property name="line.separator" value="&#xd;&#xa;" />
    <property name="java.vm.name" value="Java HotSpot(TM) 64-Bit Server VM" />
    <property name="basedir" value="D:\WorkPlace\java_nix\javappp\14_ant" />
    <property name="ant.java.version" value="1.7" />
    <property name="ant.core.lib" value="D:\Install\apache-ant\lib\ant.jar" />
    <property name="file.encoding" value="Cp1251" />
    <property name="ant.file.type.AntTestProject" value="file" />
    <property name="java.specification.version" value="1.7" />
    <property name="src.dir" value="D:\WorkPlace\java_nix\javappp\14_ant\src" />
    <property name="ant.project.invoked-targets" value="test" />
  </properties>
  <testcase classname="com.nixsolutions.MyJunitTestsForStringBuilder" name="checkReturningSubString" time="0.003" />
  <testcase classname="com.nixsolutions.MyJunitTestsForStringBuilder" name="checkReplacingByNewString" time="0.0" />
  <testcase classname="com.nixsolutions.MyJunitTestsForStringBuilder" name="checkThrowingIndexOutOfBoundsEx" time="0.001" />
  <testcase classname="com.nixsolutions.MyJunitTestsForStringBuilder" name="checkMakingReverse" time="0.0" />
  <testcase classname="com.nixsolutions.MyJunitTestsForStringBuilder" name="checkReturningLength" time="0.0" />
  <testcase classname="com.nixsolutions.MyJunitTestsForStringBuilder" name="checkConcatinatingThreeStrings" time="0.0" />
  <testcase classname="com.nixsolutions.MyJunitTestsForStringBuilder" name="ckeckRemovingCharAtIndex" time="0.0" />
  <testcase classname="com.nixsolutions.MyJunitTestsForStringBuilder" name="checkConcatinationStringAndNumber" time="0.001" />
  <testcase classname="com.nixsolutions.MyJunitTestsForStringBuilder" name="checkThatObjectIsNotNullAfterInit" time="0.0" />
  <testcase classname="com.nixsolutions.MyJunitTestsForStringBuilder" name="checkReturningCharAtIndex" time="0.0" />
  <system-out><![CDATA[]]></system-out>
  <system-err><![CDATA[]]></system-err>
</testsuite>
