<?xml version="1.0" encoding="UTF-8" ?>
<testsuite errors="0" failures="0" hostname="paryshev" name="com.nixsolutions.Test01" skipped="0" tests="1" time="0.132" timestamp="2015-10-28T09:36:10">
  <properties>
    <property name="java.vendor" value="Oracle Corporation" />
    <property name="dir.build" value="build" />
    <property name="dir.libs" value="libs" />
    <property name="sun.java.launcher" value="SUN_STANDARD" />
    <property name="ant.file.antProject" value="E:\JavaProjects\paryshev.a\javappp\14_ant\build.xml" />
    <property name="eclipse.pdebuild.templates" value="/E:/sts-bundle/sts-3.7.0.RELEASE/plugins/org.eclipse.pde.build_3.9.100.v20150521-1524/templates/" />
    <property name="sun.management.compiler" value="HotSpot 64-Bit Tiered Compilers" />
    <property name="dir.build.test" value="build/test" />
    <property name="dir.srctest" value="test" />
    <property name="os.name" value="Windows 8.1" />
    <property name="sun.boot.class.path" value="C:\Program Files\Java\jre1.8.0_60\lib\resources.jar;C:\Program Files\Java\jre1.8.0_60\lib\rt.jar;C:\Program Files\Java\jre1.8.0_60\lib\sunrsasign.jar;C:\Program Files\Java\jre1.8.0_60\lib\jsse.jar;C:\Program Files\Java\jre1.8.0_60\lib\jce.jar;C:\Program Files\Java\jre1.8.0_60\lib\charsets.jar;C:\Program Files\Java\jre1.8.0_60\lib\jfr.jar;C:\Program Files\Java\jre1.8.0_60\classes" />
    <property name="sun.desktop" value="windows" />
    <property name="java.vm.specification.vendor" value="Oracle Corporation" />
    <property name="ant.home" value="E:\sts-bundle\sts-3.7.0.RELEASE\plugins\org.apache.ant_1.9.4.v201504302020" />
    <property name="java.runtime.version" value="1.8.0_60-b27" />
    <property name="dir.reports" value="reports" />
    <property name="user.name" value="paryshev.a" />
    <property name="user.language" value="en" />
    <property name="sun.boot.library.path" value="C:\Program Files\Java\jre1.8.0_60\bin" />
    <property name="ant.project.default-target" value="clean" />
    <property name="ant.project.name" value="antProject" />
    <property name="java.version" value="1.8.0_60" />
    <property name="user.timezone" value="" />
    <property name="sun.arch.data.model" value="64" />
    <property name="java.endorsed.dirs" value="C:\Program Files\Java\jre1.8.0_60\lib\endorsed" />
    <property name="sun.cpu.isalist" value="amd64" />
    <property name="sun.jnu.encoding" value="Cp1251" />
    <property name="file.encoding.pkg" value="sun.io" />
    <property name="file.separator" value="\" />
    <property name="java.specification.name" value="Java Platform API Specification" />
    <property name="java.class.version" value="52.0" />
    <property name="user.country" value="US" />
    <property name="java.home" value="C:\Program Files\Java\jre1.8.0_60" />
    <property name="java.vm.info" value="mixed mode" />
    <property name="ant.file" value="E:\JavaProjects\paryshev.a\javappp\14_ant\build.xml" />
    <property name="os.version" value="6.3" />
    <property name="path.separator" value=";" />
    <property name="java.vm.version" value="25.60-b23" />
    <property name="user.variant" value="" />
    <property name="ant.library.dir" value="E:\sts-bundle\sts-3.7.0.RELEASE\plugins\org.apache.ant_1.9.4.v201504302020\lib" />
    <property name="java.awt.printerjob" value="sun.awt.windows.WPrinterJob" />
    <property name="sun.io.unicode.encoding" value="UnicodeLittle" />
    <property name="awt.toolkit" value="sun.awt.windows.WToolkit" />
    <property name="user.script" value="" />
    <property name="eclipse.pdebuild.scripts" value="/E:/sts-bundle/sts-3.7.0.RELEASE/plugins/org.eclipse.pde.build_3.9.100.v20150521-1524/scripts/" />
    <property name="user.home" value="C:\Users\paryshev.a" />
    <property name="java.specification.vendor" value="Oracle Corporation" />
    <property name="java.library.path" value="C:\Program Files\Java\jre1.8.0_60\bin;C:\Windows\Sun\Java\bin;C:\Windows\system32;C:\Windows;C:/Program Files/Java/jre1.8.0_60/bin/server;C:/Program Files/Java/jre1.8.0_60/bin;C:/Program Files/Java/jre1.8.0_60/lib/amd64;E:\app\paryshev.a\product\11.2.0\client_1;E:\app\paryshev.a\product\11.2.0\client_1\bin;C:\ProgramData\Oracle\Java\javapath;C:\Windows\system32;C:\Windows;C:\Windows\System32\Wbem;C:\Windows\System32\WindowsPowerShell\v1.0\;C:\Program Files\Microsoft SQL Server\120\Tools\Binn\;C:\Program Files (x86)\Microsoft SDKs\TypeScript\1.0\;C:\Program Files\TortoiseSVN\bin;C:\Program Files\Java\jdk1.8.0_45\bin;C:\apache-maven-3.3.3\bin;C:\Program Files\Microsoft SQL Server\110\Tools\Binn\;C:\Program Files (x86)\Microsoft SQL Server\110\Tools\Binn\ManagementStudio\;C:\Program Files (x86)\Microsoft SQL Server\110\Tools\Binn\;C:\Program Files (x86)\Microsoft SQL Server\110\DTS\Binn\;C:\Program Files (x86)\Skype\Phone\;C:\ant\bin;E:\sts-bundle\sts-3.7.0.RELEASE;;." />
    <property name="java.vendor.url" value="http://java.oracle.com/" />
    <property name="java.vm.vendor" value="Oracle Corporation" />
    <property name="dir.src" value="src" />
    <property name="java.runtime.name" value="Java(TM) SE Runtime Environment" />
    <property name="sun.java.command" value="org.apache.tools.ant.taskdefs.optional.junit.JUnitTestRunner com.nixsolutions.Test01 skipNonTests=false filtertrace=true haltOnError=false haltOnFailure=false formatter=org.apache.tools.ant.taskdefs.optional.junit.SummaryJUnitResultFormatter showoutput=false outputtoformatters=true logfailedtests=true threadid=0 logtestlistenerevents=false formatter=org.apache.tools.ant.taskdefs.optional.junit.PlainJUnitResultFormatter,E:\JavaProjects\paryshev.a\javappp\14_ant\reports\TEST-com.nixsolutions.Test01.txt formatter=org.apache.tools.ant.taskdefs.optional.junit.XMLJUnitResultFormatter,E:\JavaProjects\paryshev.a\javappp\14_ant\reports\TEST-com.nixsolutions.Test01.xml crashfile=E:\JavaProjects\paryshev.a\javappp\14_ant\junitvmwatcher4266281407958843308.properties propsfile=E:\JavaProjects\paryshev.a\javappp\14_ant\junit8381168900520289041.properties" />
    <property name="java.class.path" value="E:\JavaProjects\paryshev.a\javappp\14_ant\build;E:\JavaProjects\paryshev.a\javappp\14_ant\libs\antProject.jar;E:\JavaProjects\paryshev.a\javappp\14_ant\libs\hamcrest-core-1.3.jar;E:\JavaProjects\paryshev.a\javappp\14_ant\libs\junit-4.12.jar;E:\JavaProjects\paryshev.a\javappp\14_ant\libs\mockito-all-1.9.0.jar;E:\JavaProjects\paryshev.a\javappp\14_ant\build\test;E:\JavaProjects\paryshev.a\javappp\14_ant;E:\sts-bundle\sts-3.7.0.RELEASE\plugins\org.apache.ant_1.9.4.v201504302020\lib\ant-launcher.jar;E:\sts-bundle\sts-3.7.0.RELEASE\plugins\org.apache.ant_1.9.4.v201504302020\lib\ant.jar;E:\sts-bundle\sts-3.7.0.RELEASE\plugins\org.apache.ant_1.9.4.v201504302020\lib\ant-junit.jar;E:\sts-bundle\sts-3.7.0.RELEASE\plugins\org.apache.ant_1.9.4.v201504302020\lib\ant-junit4.jar" />
    <property name="ant.version" value="Apache Ant(TM) version 1.9.4 compiled on April 29 2014" />
    <property name="java.vm.specification.name" value="Java Virtual Machine Specification" />
    <property name="java.vm.specification.version" value="1.8" />
    <property name="sun.cpu.endian" value="little" />
    <property name="sun.os.patch.level" value="" />
    <property name="eclipse.pdebuild.home" value="/E:/sts-bundle/sts-3.7.0.RELEASE/plugins/org.eclipse.pde.build_3.9.100.v20150521-1524/./" />
    <property name="java.io.tmpdir" value="C:\Users\paryshev.a\AppData\Local\Temp\" />
    <property name="java.vendor.url.bug" value="http://bugreport.sun.com/bugreport/" />
    <property name="os.arch" value="amd64" />
    <property name="java.awt.graphicsenv" value="sun.awt.Win32GraphicsEnvironment" />
    <property name="java.ext.dirs" value="C:\Program Files\Java\jre1.8.0_60\lib\ext;C:\Windows\Sun\Java\lib\ext" />
    <property name="user.dir" value="E:\JavaProjects\paryshev.a\javappp\14_ant" />
    <property name="line.separator" value="&#xd;&#xa;" />
    <property name="java.vm.name" value="Java HotSpot(TM) 64-Bit Server VM" />
    <property name="basedir" value="E:\JavaProjects\paryshev.a\javappp\14_ant" />
    <property name="ant.java.version" value="1.8" />
    <property name="ant.core.lib" value="E:\sts-bundle\sts-3.7.0.RELEASE\plugins\org.apache.ant_1.9.4.v201504302020\lib\ant.jar" />
    <property name="file.encoding" value="Cp1251" />
    <property name="dir.myjars" value="myJARs" />
    <property name="ant.file.type.antProject" value="file" />
    <property name="java.specification.version" value="1.8" />
    <property name="ant.project.invoked-targets" value="clean" />
  </properties>
  <testcase classname="com.nixsolutions.Test01" name="robotShouldMoveAccordingToInputCommandLineAndFinalCoordinatesShouldBeValid" time="0.072" />
  <system-out><![CDATA[0;1
0;2
1;2
1;3
1;2
1;1
1;0
]]></system-out>
  <system-err><![CDATA[]]></system-err>
</testsuite>
